<?xml version="1.0" encoding="UTF-8"?>
<!-- Generated by org.testng.reporters.JUnitXMLReporter -->
<testsuite ignored="0" hostname="Ignitiv-L084" failures="1" tests="1" name="Test" time="0.053" errors="0" timestamp="19 May 2020 05:00:00 GMT">
  <testcase classname="com.facebook.TestCases.LoginTest" name="login" time="0.017">
    <failure type="java.lang.NoClassDefFoundError" message="org/openqa/selenium/WebDriver">
      <![CDATA[java.lang.NoClassDefFoundError: org/openqa/selenium/WebDriver
at com.facebook.TestCases.LoginTest.login(LoginTest.java:15)
Caused by: java.lang.ClassNotFoundException: org.openqa.selenium.WebDriver
at java.base/jdk.internal.loader.BuiltinClassLoader.loadClass(Unknown Source)
at java.base/jdk.internal.loader.ClassLoaders$AppClassLoader.loadClass(Unknown Source)
at java.base/java.lang.ClassLoader.loadClass(Unknown Source)
... 26 more
... Removed 25 stack frames]]>
    </failure>
  </testcase> <!-- login -->
</testsuite> <!-- Test -->
